\BOOKMARK [0][-]{chapter.1}{Introduction and Getting Started}{}% 1
\BOOKMARK [1][-]{section.1.1}{Introduction and Features}{chapter.1}% 2
\BOOKMARK [1][-]{section.1.2}{Installation and Setup}{chapter.1}% 3
\BOOKMARK [2][-]{subsection.1.2.1}{System Requirements}{section.1.2}% 4
\BOOKMARK [2][-]{subsection.1.2.2}{Installation}{section.1.2}% 5
\BOOKMARK [1][-]{section.1.3}{Quick Start}{chapter.1}% 6
\BOOKMARK [2][-]{subsection.1.3.1}{Building a Circuit}{section.1.3}% 7
\BOOKMARK [2][-]{subsection.1.3.2}{Analyses, Simulation and Viewing Results}{section.1.3}% 8
\BOOKMARK [2][-]{subsection.1.3.3}{Example Circuits}{section.1.3}% 9
\BOOKMARK [2][-]{subsection.1.3.4}{Creating a New Symbol for Hierarchical Designs}{section.1.3}% 10
\BOOKMARK [2][-]{subsection.1.3.5}{Creating New Component Models and Libraries}{section.1.3}% 11
\BOOKMARK [1][-]{section.1.4}{References and Further Reading}{chapter.1}% 12
\BOOKMARK [0][-]{chapter.2}{The Schematic Editor}{}% 13
\BOOKMARK [1][-]{section.2.1}{Drawing a Circuit}{chapter.2}% 14
\BOOKMARK [2][-]{subsection.2.1.1}{Component Placement and Options}{section.2.1}% 15
\BOOKMARK [2][-]{subsection.2.1.2}{Wiring and Labels}{section.2.1}% 16
\BOOKMARK [2][-]{subsection.2.1.3}{Power Nets and Sources}{section.2.1}% 17
\BOOKMARK [2][-]{subsection.2.1.4}{Probes}{section.2.1}% 18
\BOOKMARK [2][-]{subsection.2.1.5}{Further Navigation and Schematic Commands}{section.2.1}% 19
\BOOKMARK [1][-]{section.2.2}{Multi-sheet Designs}{chapter.2}% 20
\BOOKMARK [1][-]{section.2.3}{Models and Libraries}{chapter.2}% 21
\BOOKMARK [2][-]{subsection.2.3.1}{Symbols and Hierarchical Designs}{section.2.3}% 22
\BOOKMARK [1][-]{section.2.4}{Netlisting and Simulation}{chapter.2}% 23
\BOOKMARK [2][-]{subsection.2.4.1}{OP Analysis}{section.2.4}% 24
\BOOKMARK [1][-]{section.2.5}{Options and Preferences}{chapter.2}% 25
\BOOKMARK [1][-]{section.2.6}{Schematic Editor GUI Reference}{chapter.2}% 26
\BOOKMARK [0][-]{chapter.3}{Plotter and Netlist Editor}{}% 27
\BOOKMARK [1][-]{section.3.1}{Plotter}{chapter.3}% 28
\BOOKMARK [2][-]{subsection.3.1.1}{Start-up and Loading Data}{section.3.1}% 29
\BOOKMARK [2][-]{subsection.3.1.2}{Adding Panes and Traces, Editing Traces}{section.3.1}% 30
\BOOKMARK [2][-]{subsection.3.1.3}{Navigation}{section.3.1}% 31
\BOOKMARK [2][-]{subsection.3.1.4}{Measurements}{section.3.1}% 32
\BOOKMARK [2][-]{subsection.3.1.5}{Calculator}{section.3.1}% 33
\BOOKMARK [2][-]{subsection.3.1.6}{Plotter Options and the Contextual Menu}{section.3.1}% 34
\BOOKMARK [2][-]{subsection.3.1.7}{Plotter GUI Reference}{section.3.1}% 35
\BOOKMARK [1][-]{section.3.2}{Netlist Editor}{chapter.3}% 36
\BOOKMARK [2][-]{subsection.3.2.1}{SPICE Netlist Syntax}{section.3.2}% 37
\BOOKMARK [2][-]{subsection.3.2.2}{Editing and Running a Netlist}{section.3.2}% 38
\BOOKMARK [2][-]{subsection.3.2.3}{Netlist Editor Options}{section.3.2}% 39
\BOOKMARK [0][-]{chapter.4}{SPICE Analysis Types, Commands and Options}{}% 40
\BOOKMARK [1][-]{section.4.1}{SPICE Suffixes}{chapter.4}% 41
\BOOKMARK [1][-]{section.4.2}{Basic SPICE Analysis Types}{chapter.4}% 42
\BOOKMARK [2][-]{subsection.4.2.1}{The .SPICE Directive}{section.4.2}% 43
\BOOKMARK [2][-]{subsection.4.2.2}{.ac \(AC/Frequency Domain Analysis\)}{section.4.2}% 44
\BOOKMARK [2][-]{subsection.4.2.3}{.dc \(DC Analysis\)}{section.4.2}% 45
\BOOKMARK [2][-]{subsection.4.2.4}{.op \(Operating Point\)}{section.4.2}% 46
\BOOKMARK [2][-]{subsection.4.2.5}{.step \(Parametric Analysis\)}{section.4.2}% 47
\BOOKMARK [2][-]{subsection.4.2.6}{.tran \(Transient Analysis\)}{section.4.2}% 48
\BOOKMARK [1][-]{section.4.3}{Initial Conditions}{chapter.4}% 49
\BOOKMARK [2][-]{subsection.4.3.1}{The .ic Statement}{section.4.3}% 50
\BOOKMARK [1][-]{section.4.4}{The .meas Statement}{chapter.4}% 51
\BOOKMARK [1][-]{section.4.5}{The .param Statement}{chapter.4}% 52
\BOOKMARK [2][-]{subsection.4.5.1}{.param Functions}{section.4.5}% 53
\BOOKMARK [1][-]{section.4.6}{The .save Statement}{chapter.4}% 54
\BOOKMARK [1][-]{section.4.7}{SPICE Simulation Options}{chapter.4}% 55
\BOOKMARK [2][-]{subsection.4.7.1}{General Options}{section.4.7}% 56
\BOOKMARK [2][-]{subsection.4.7.2}{DC Simulation Options}{section.4.7}% 57
\BOOKMARK [2][-]{subsection.4.7.3}{AC Simulation Options}{section.4.7}% 58
\BOOKMARK [2][-]{subsection.4.7.4}{Transient Simulation Options}{section.4.7}% 59
\BOOKMARK [2][-]{subsection.4.7.5}{Element-Specific Options}{section.4.7}% 60
\BOOKMARK [0][-]{chapter.5}{SPICE Circuit Elements and Device Models}{}% 61
\BOOKMARK [1][-]{section.5.1}{SPICE Suffixes}{chapter.5}% 62
\BOOKMARK [1][-]{section.5.2}{SPICE Element Identifiers}{chapter.5}% 63
\BOOKMARK [1][-]{section.5.3}{Passive Elements}{chapter.5}% 64
\BOOKMARK [2][-]{subsection.5.3.1}{RXX : Resistors}{section.5.3}% 65
\BOOKMARK [2][-]{subsection.5.3.2}{CXX : Capacitors}{section.5.3}% 66
\BOOKMARK [2][-]{subsection.5.3.3}{LXX : Inductors}{section.5.3}% 67
\BOOKMARK [2][-]{subsection.5.3.4}{KXX : Coupled Inductors}{section.5.3}% 68
\BOOKMARK [1][-]{section.5.4}{Sources}{chapter.5}% 69
\BOOKMARK [2][-]{subsection.5.4.1}{VXX / IXX : Independent Sources}{section.5.4}% 70
\BOOKMARK [2][-]{subsection.5.4.2}{GXX / EXX / FXX / HXX : Linear Dependent Sources}{section.5.4}% 71
\BOOKMARK [2][-]{subsection.5.4.3}{BXX : Behavioral Sources}{section.5.4}% 72
\BOOKMARK [2][-]{subsection.5.4.4}{Special Behavioral Source Variables time, temper, temp, hertz}{section.5.4}% 73
\BOOKMARK [1][-]{section.5.5}{Active Elements}{chapter.5}% 74
\BOOKMARK [2][-]{subsection.5.5.1}{DXX : Diodes}{section.5.5}% 75
\BOOKMARK [2][-]{subsection.5.5.2}{QXX : BJTs}{section.5.5}% 76
\BOOKMARK [2][-]{subsection.5.5.3}{MXX : MOSFETs}{section.5.5}% 77
\BOOKMARK [2][-]{subsection.5.5.4}{JXX : JFETs}{section.5.5}% 78
\BOOKMARK [2][-]{subsection.5.5.5}{ZXX : MESFETs}{section.5.5}% 79
\BOOKMARK [1][-]{section.5.6}{Other Elements}{chapter.5}% 80
\BOOKMARK [2][-]{subsection.5.6.1}{SXX / WXX : Switches}{section.5.6}% 81
\BOOKMARK [2][-]{subsection.5.6.2}{TXX / OXX / UXX / YXX /PXX : Transmission Lines}{section.5.6}% 82
\BOOKMARK [1][-]{section.5.7}{Built-in Subcircuits and Behavioral Elements in CoolSPICE}{chapter.5}% 83
\BOOKMARK [2][-]{subsection.5.7.1}{Probes}{section.5.7}% 84
\BOOKMARK [2][-]{subsection.5.7.2}{The .include Statement}{section.5.7}% 85
\BOOKMARK [2][-]{subsection.5.7.3}{The .subckt Statement and Subcircuit Definition}{section.5.7}% 86
\BOOKMARK [0][-]{chapter.6}{Thermal Simulations with CoolSPICE}{}% 87
\BOOKMARK [1][-]{section.6.1}{Analyses}{chapter.6}% 88
\BOOKMARK [2][-]{subsection.6.1.1}{Transient}{section.6.1}% 89
\BOOKMARK [2][-]{subsection.6.1.2}{DC Sweep}{section.6.1}% 90
\BOOKMARK [1][-]{section.6.2}{Devices}{chapter.6}% 91
\BOOKMARK [2][-]{subsection.6.2.1}{MOSFETs}{section.6.2}% 92
\BOOKMARK [2][-]{subsection.6.2.2}{Diodes \046 Resistors}{section.6.2}% 93
\BOOKMARK [1][-]{section.6.3}{Netlist Syntax}{chapter.6}% 94
\BOOKMARK [2][-]{subsection.6.3.1}{Thermal Circuits}{section.6.3}% 95
\BOOKMARK [2][-]{subsection.6.3.2}{Outputting TJ/TC in PSIM}{section.6.3}% 96
\BOOKMARK [0][-]{chapter.7}{Quick Reference: Device Parameters and Commands}{}% 97
\BOOKMARK [1][-]{section.7.1}{Circuit Elements}{chapter.7}% 98
\BOOKMARK [1][-]{section.7.2}{Sources}{chapter.7}% 99
\BOOKMARK [1][-]{section.7.3}{Probes, Analyses and SPICE Command Elements}{chapter.7}% 100
\BOOKMARK [1][-]{section.7.4}{References and Further Reading}{chapter.7}% 101
